Arguments: 
  C:\Program Files\nodejs\node.exe C:\Program Files (x86)\Yarn\bin\yarn.js add @commitlint/cli @commitlint/config-conventional commitizen @cz-conventional-changelog husky -D

PATH: 
  C:\Program Files\Git\mingw64\bin;C:\Program Files\Git\usr\bin;C:\Users\wesll\bin;C:\Windows\system32;C:\Windows;C:\Windows\System32\Wbem;C:\Windows\System32\WindowsPowerShell\v1.0;C:\Windows\System32\OpenSSH;C:\Program Files\dotnet;C:\Program Files (x86)\Yarn\bin;C:\Program Files\nodejs;C:\ProgramData\chocolatey\bin;C:\Program Files\Git\cmd;C:\Users\wesll\AppData\Local\Microsoft\WindowsApps;C:\Users\wesll\AppData\Local\Programs\Microsoft VS Code\bin;C:\Users\wesll\AppData\Local\Yarn\bin;C:\Users\wesll\AppData\Roaming\npm;C:\Users\wesll\AppData\Local\GitHubDesktop\bin

Yarn version: 
  1.22.5

Node version: 
  14.15.0

Platform: 
  win32 x64

Trace: 
  Error: https://registry.yarnpkg.com/@cz-conventional-changelog: Request "https://registry.yarnpkg.com/@cz-conventional-changelog" returned a 405
      at Request.params.callback [as _callback] (C:\Program Files (x86)\Yarn\lib\cli.js:66106:18)
      at Request.self.callback (C:\Program Files (x86)\Yarn\lib\cli.js:140749:22)
      at Request.emit (events.js:315:20)
      at Request.<anonymous> (C:\Program Files (x86)\Yarn\lib\cli.js:141721:10)
      at Request.emit (events.js:315:20)
      at IncomingMessage.<anonymous> (C:\Program Files (x86)\Yarn\lib\cli.js:141643:12)
      at Object.onceWrapper (events.js:421:28)
      at IncomingMessage.emit (events.js:327:22)
      at endReadableNT (_stream_readable.js:1327:12)
      at processTicksAndRejections (internal/process/task_queues.js:80:21)

npm manifest: 
  {
    "name": "LaraStack",
    "version": "1.0.0",
    "description": "Official Discord bot of 'Stack de programadores' community",
    "main": "index.js",
    "repository": "https://github.com/Upping-Devs/LaraStack",
    "author": "Weslley Borges <60989781+Weslley-Borges@users.noreply.github.com>",
    "license": "MIT"
  }

yarn manifest: 
  No manifest

Lockfile: 
  No lockfile
